This is pdfTeX, Version 3.1415926-1.40.11 (TeX Live 2010) (format=pdflatex 2011.3.16)  14 MAY 2012 21:16
entering extended mode
 restricted \write18 enabled.
 %&-line parsing enabled.
**indi-journal
(./indi-journal.tex
LaTeX2e <2009/09/24>
Babel <v3.8l> and hyphenation patterns for english, dumylang, nohyphenation, ge
rman-x-2009-06-19, ngerman-x-2009-06-19, ancientgreek, ibycus, arabic, armenian
, basque, bulgarian, catalan, pinyin, coptic, croatian, czech, danish, dutch, u
kenglish, usenglishmax, esperanto, estonian, farsi, finnish, french, galician, 
german, ngerman, swissgerman, monogreek, greek, hungarian, icelandic, assamese,
 bengali, gujarati, hindi, kannada, malayalam, marathi, oriya, panjabi, tamil, 
telugu, indonesian, interlingua, irish, italian, kurmanji, lao, latin, latvian,
 lithuanian, mongolian, mongolianlmc, bokmal, nynorsk, polish, portuguese, roma
nian, russian, sanskrit, serbian, slovak, slovenian, spanish, swedish, turkish,
 turkmen, ukrainian, uppersorbian, welsh, loaded.
(./elsarticle.cls
Document Class: elsarticle 2009/09/17, 1.20b: Elsevier Ltd
\@bls=\dimen102
(/usr/local/texlive/2010/texmf-dist/tex/latex/base/article.cls
Document Class: article 2007/10/19 v1.4h Standard LaTeX document class
(/usr/local/texlive/2010/texmf-dist/tex/latex/base/size12.clo
File: size12.clo 2007/10/19 v1.4h Standard LaTeX file (size option)
)
\c@part=\count79
\c@section=\count80
\c@subsection=\count81
\c@subsubsection=\count82
\c@paragraph=\count83
\c@subparagraph=\count84
\c@figure=\count85
\c@table=\count86
\abovecaptionskip=\skip41
\belowcaptionskip=\skip42
\bibindent=\dimen103
)
(/usr/local/texlive/2010/texmf-dist/tex/latex/graphics/graphicx.sty
Package: graphicx 1999/02/16 v1.0f Enhanced LaTeX Graphics (DPC,SPQR)

(/usr/local/texlive/2010/texmf-dist/tex/latex/graphics/keyval.sty
Package: keyval 1999/03/16 v1.13 key=value parser (DPC)
\KV@toks@=\toks14
)
(/usr/local/texlive/2010/texmf-dist/tex/latex/graphics/graphics.sty
Package: graphics 2009/02/05 v1.0o Standard LaTeX Graphics (DPC,SPQR)

(/usr/local/texlive/2010/texmf-dist/tex/latex/graphics/trig.sty
Package: trig 1999/03/16 v1.09 sin cos tan (DPC)
)
(/usr/local/texlive/2010/texmf-dist/tex/latex/latexconfig/graphics.cfg
File: graphics.cfg 2010/04/23 v1.9 graphics configuration of TeX Live
)
Package graphics Info: Driver file: pdftex.def on input line 91.

(/usr/local/texlive/2010/texmf-dist/tex/latex/pdftex-def/pdftex.def
File: pdftex.def 2010/02/14 v0.04n Graphics/color for pdfTeX
\Gread@gobject=\count87
))
\Gin@req@height=\dimen104
\Gin@req@width=\dimen105
)
(/usr/local/texlive/2010/texmf-dist/tex/latex/psnfss/pifont.sty
Package: pifont 2005/04/12 PSNFSS-v9.2a Pi font support (SPQR) 
LaTeX Font Info:    Try loading font information for U+pzd on input line 63.

(/usr/local/texlive/2010/texmf-dist/tex/latex/psnfss/upzd.fd
File: upzd.fd 2001/06/04 font definitions for U/pzd.
)
LaTeX Font Info:    Try loading font information for U+psy on input line 64.

(/usr/local/texlive/2010/texmf-dist/tex/latex/psnfss/upsy.fd
File: upsy.fd 2001/06/04 font definitions for U/psy.
))
\c@tnote=\count88
\c@fnote=\count89
\c@cnote=\count90
\c@ead=\count91
\c@author=\count92
\@eadauthor=\toks15
\c@affn=\count93
\absbox=\box26
\keybox=\box27
\Columnwidth=\dimen106
\space@left=\dimen107
\els@boxa=\box28
\els@boxb=\box29
\leftMargin=\dimen108
\@enLab=\toks16
\@sep=\skip43
\@@sep=\skip44

(./indi-journal.spl)
(/usr/local/texlive/2010/texmf-dist/tex/latex/natbib/natbib.sty
Package: natbib 2009/11/07 8.31a (PWD, AO)
\bibhang=\skip45
\bibsep=\skip46
LaTeX Info: Redefining \cite on input line 694.
\c@NAT@ctr=\count94
)
\splwrite=\write3
\openout3 = `indi-journal.spl'.

\appnamewidth=\dimen109
)
(/usr/local/texlive/2010/texmf-dist/tex/latex/amsfonts/amssymb.sty
Package: amssymb 2009/06/22 v3.00

(/usr/local/texlive/2010/texmf-dist/tex/latex/amsfonts/amsfonts.sty
Package: amsfonts 2009/06/22 v3.00 Basic AMSFonts support
\@emptytoks=\toks17
\symAMSa=\mathgroup4
\symAMSb=\mathgroup5
LaTeX Font Info:    Overwriting math alphabet `\mathfrak' in version `bold'
(Font)                  U/euf/m/n --> U/euf/b/n on input line 96.
))
(/usr/local/texlive/2010/texmf-dist/tex/latex/subfigure/subfigure.sty
Package: subfigure 2002/03/15 v2.1.5 subfigure package
\subfigtopskip=\skip47
\subfigcapskip=\skip48
\subfigcaptopadj=\dimen110
\subfigbottomskip=\skip49
\subfigcapmargin=\dimen111
\subfiglabelskip=\skip50
\c@subfigure=\count95
\c@lofdepth=\count96
\c@subtable=\count97
\c@lotdepth=\count98

****************************************
* Local config file subfigure.cfg used *
****************************************
(/usr/local/texlive/2010/texmf-dist/tex/latex/subfigure/subfigure.cfg)
\subfig@top=\skip51
\subfig@bottom=\skip52
)
(./wrapfig.sty
\wrapoverhang=\dimen112
\WF@size=\dimen113
\c@WF@wrappedlines=\count99
\WF@box=\box30
\WF@everypar=\toks18
Package: wrapfig 2003/01/31  v 3.6
) (./indi-journal.aux)
\openout1 = `indi-journal.aux'.

LaTeX Font Info:    Checking defaults for OML/cmm/m/it on input line 91.
LaTeX Font Info:    ... okay on input line 91.
LaTeX Font Info:    Checking defaults for T1/cmr/m/n on input line 91.
LaTeX Font Info:    ... okay on input line 91.
LaTeX Font Info:    Checking defaults for OT1/cmr/m/n on input line 91.
LaTeX Font Info:    ... okay on input line 91.
LaTeX Font Info:    Checking defaults for OMS/cmsy/m/n on input line 91.
LaTeX Font Info:    ... okay on input line 91.
LaTeX Font Info:    Checking defaults for OMX/cmex/m/n on input line 91.
LaTeX Font Info:    ... okay on input line 91.
LaTeX Font Info:    Checking defaults for U/cmr/m/n on input line 91.
LaTeX Font Info:    ... okay on input line 91.

(/usr/local/texlive/2010/texmf-dist/tex/context/base/supp-pdf.mkii
[Loading MPS to PDF converter (version 2006.09.02).]
\scratchcounter=\count100
\scratchdimen=\dimen114
\scratchbox=\box31
\nofMPsegments=\count101
\nofMParguments=\count102
\everyMPshowfont=\toks19
\MPscratchCnt=\count103
\MPscratchDim=\dimen115
\MPnumerator=\count104
\everyMPtoPDFconversion=\toks20
) (/usr/local/texlive/2010/texmf-dist/tex/generic/oberdiek/pdftexcmds.sty
Package: pdftexcmds 2010/04/01 v0.9 Utility functions of pdfTeX for LuaTeX (HO)


(/usr/local/texlive/2010/texmf-dist/tex/generic/oberdiek/infwarerr.sty
Package: infwarerr 2010/04/08 v1.3 Providing info/warning/message (HO)
)
(/usr/local/texlive/2010/texmf-dist/tex/generic/oberdiek/ifluatex.sty
Package: ifluatex 2010/03/01 v1.3 Provides the ifluatex switch (HO)
Package ifluatex Info: LuaTeX not detected.
)
(/usr/local/texlive/2010/texmf-dist/tex/generic/oberdiek/ltxcmds.sty
Package: ltxcmds 2010/04/26 v1.7 LaTeX kernel commands for general use (HO)
)
Package pdftexcmds Info: LuaTeX not detected.
Package pdftexcmds Info: \pdf@primitive is available.
Package pdftexcmds Info: \pdf@ifprimitive is available.
)
(/usr/local/texlive/2010/texmf-dist/tex/latex/oberdiek/epstopdf-base.sty
Package: epstopdf-base 2010/02/09 v2.5 Base part for package epstopdf

(/usr/local/texlive/2010/texmf-dist/tex/latex/oberdiek/grfext.sty
Package: grfext 2007/09/30 v1.0 Managing graphics extensions (HO)
)
(/usr/local/texlive/2010/texmf-dist/tex/latex/oberdiek/kvoptions.sty
Package: kvoptions 2010/02/22 v3.7 Keyval support for LaTeX options (HO)

(/usr/local/texlive/2010/texmf-dist/tex/generic/oberdiek/kvsetkeys.sty
Package: kvsetkeys 2010/03/01 v1.9 Key value parser (HO)

(/usr/local/texlive/2010/texmf-dist/tex/generic/oberdiek/etexcmds.sty
Package: etexcmds 2010/01/28 v1.3 Prefix for e-TeX command names (HO)
Package etexcmds Info: Could not find \expanded.
(etexcmds)             That can mean that you are not using pdfTeX 1.50 or
(etexcmds)             that some package has redefined \expanded.
(etexcmds)             In the latter case, load this package earlier.
)))
Package grfext Info: Graphics extension search list:
(grfext)             [.png,.pdf,.jpg,.mps,.jpeg,.jbig2,.jb2,.PNG,.PDF,.JPG,.JPE
G,.JBIG2,.JB2,.eps]
(grfext)             \AppendGraphicsExtensions on input line 436.

(/usr/local/texlive/2010/texmf-dist/tex/latex/latexconfig/epstopdf-sys.cfg
File: epstopdf-sys.cfg 2010/07/13 v1.3 Configuration of (r)epstopdf for TeX Liv
e
))
(./abstract.tex)
LaTeX Font Info:    Try loading font information for U+msa on input line 142.
 (/usr/local/texlive/2010/texmf-dist/tex/latex/amsfonts/umsa.fd
File: umsa.fd 2009/06/22 v3.00 AMS symbols A
)
LaTeX Font Info:    Try loading font information for U+msb on input line 142.
 (/usr/local/texlive/2010/texmf-dist/tex/latex/amsfonts/umsb.fd
File: umsb.fd 2009/06/22 v3.00 AMS symbols B
) [1


{/usr/local/texlive/2010/texmf-var/fonts/map/pdftex/updmap/pdftex.map}]
(./introduction.tex [2] [3]
LaTeX Font Info:    Try loading font information for OMS+cmr on input line 17.

(/usr/local/texlive/2010/texmf-dist/tex/latex/base/omscmr.fd
File: omscmr.fd 1999/05/25 v2.5h Standard LaTeX font definitions
)
LaTeX Font Info:    Font shape `OMS/cmr/m/n' in size <12> not available
(Font)              Font shape `OMS/cmsy/m/n' tried instead on input line 17.
) [4]
(./background.tex [5]) (./indi.tex [6]

LaTeX Warning: `h' float specifier changed to `ht'.

[7] [8] [9] <INDIArchitecture.pdf, id=41, 641.39626pt x 454.69875pt>
File: INDIArchitecture.pdf Graphic file (type pdf)

<use INDIArchitecture.pdf> [10] [11 <./INDIArchitecture.pdf>] [12] [13])
(./core.tex [14]) (./protosd.tex [15]
<ProtoSDCore.pdf, id=79, 1414.28375pt x 792.9625pt>
File: ProtoSDCore.pdf Graphic file (type pdf)
 <use ProtoSDCore.pdf>
Overfull \hbox (7.48499pt too wide) in paragraph at lines 14--15
 [][] 
 []


LaTeX Warning: `!h' float specifier changed to `!ht'.

[16] [17 <./ProtoSDCore.pdf>] <ProtoSD.pdf, id=96, 768.8725pt x 518.93875pt>
File: ProtoSD.pdf Graphic file (type pdf)

<use ProtoSD.pdf>
Overfull \hbox (7.48499pt too wide) in paragraph at lines 23--24
 [][] 
 []

[18 <./ProtoSD.pdf>]) (./methodology.tex
<COREEmulation.pdf, id=277, 827.41592pt x 644.82979pt>
File: COREEmulation.pdf Graphic file (type pdf)
 <use COREEmulation.pdf>

LaTeX Warning: `!h' float specifier changed to `!ht'.

[19] [20 <./COREEmulation.pdf>]
<indi10ping-distribution.pdf, id=295, 397.485pt x 216.81pt>
File: indi10ping-distribution.pdf Graphic file (type pdf)

<use indi10ping-distribution.pdf>
Overfull \hbox (7.48402pt too wide) in paragraph at lines 27--29
 [][] 
 []

[21] <indi10advert-distribution.pdf, id=299, 397.485pt x 216.81pt>
File: indi10advert-distribution.pdf Graphic file (type pdf)

<use indi10advert-distribution.pdf>
Overfull \hbox (7.48402pt too wide) in paragraph at lines 41--42
 [][] 
 []

[22 <./indi10ping-distribution.pdf>]
<indi10advert-distribution-fragmented.pdf, id=307, 397.485pt x 216.81pt>
File: indi10advert-distribution-fragmented.pdf Graphic file (type pdf)

<use indi10advert-distribution-fragmented.pdf>
Overfull \hbox (7.48402pt too wide) in paragraph at lines 52--53
 [][] 
 []

[23 <./indi10advert-distribution.pdf>] [24 <./indi10advert-distribution-fragmen
ted.pdf>]
Missing character: There is no ï in font cmr12!
Missing character: There is no ¿ in font cmr12!
Missing character: There is no ½ in font cmr12!
Missing character: There is no ï in font cmr12!
Missing character: There is no ¿ in font cmr12!
Missing character: There is no ½ in font cmr12!
 [25]
Underfull \hbox (badness 10000) in paragraph at lines 76--77
[]\OT1/cmr/m/n/12 is a
 []

) (./results.tex [26]
Underfull \hbox (badness 1472) in paragraph at lines 6--7
[]\OT1/cmr/m/n/12 which cover broad para-met-ric range
 []

(./comparison-table.tex

LaTeX Warning: `!h' float specifier changed to `!ht'.

) <indi10packet-distribution.pdf, id=331, 397.485pt x 216.81pt>
File: indi10packet-distribution.pdf Graphic file (type pdf)

<use indi10packet-distribution.pdf>
Overfull \hbox (7.48402pt too wide) in paragraph at lines 13--14
 [][] 
 []

[27 <./indi10packet-distribution.pdf>]
<jmdns10packet-distribution.pdf, id=340, 397.485pt x 216.81pt>
File: jmdns10packet-distribution.pdf Graphic file (type pdf)

<use jmdns10packet-distribution.pdf>
Overfull \hbox (7.48402pt too wide) in paragraph at lines 22--23
 [][] 
 []

[28] <indi20packet-distribution.pdf, id=344, 397.485pt x 216.81pt>
File: indi20packet-distribution.pdf Graphic file (type pdf)

<use indi20packet-distribution.pdf>
Overfull \hbox (7.48402pt too wide) in paragraph at lines 35--36
 [][] 
 []

<jmdns20packet-distribution.pdf, id=345, 397.485pt x 216.81pt>
File: jmdns20packet-distribution.pdf Graphic file (type pdf)

<use jmdns20packet-distribution.pdf>
Overfull \hbox (7.48402pt too wide) in paragraph at lines 44--45
 [][] 
 []

[29 <./jmdns10packet-distribution.pdf>] [30 <./indi20packet-distribution.pdf> <
./jmdns20packet-distribution.pdf>]
<indi30packet-distribution.pdf, id=364, 397.485pt x 216.81pt>
File: indi30packet-distribution.pdf Graphic file (type pdf)

<use indi30packet-distribution.pdf>
Overfull \hbox (7.48402pt too wide) in paragraph at lines 53--54
 [][] 
 []

[31 <./indi30packet-distribution.pdf>]
<jmdns30packet-distribution.pdf, id=373, 397.485pt x 216.81pt>
File: jmdns30packet-distribution.pdf Graphic file (type pdf)

<use jmdns30packet-distribution.pdf>
Overfull \hbox (7.48402pt too wide) in paragraph at lines 66--67
 [][] 
 []

[32] <indi10-1-2-results-distribution.pdf, id=377, 397.485pt x 252.945pt>
File: indi10-1-2-results-distribution.pdf Graphic file (type pdf)

<use indi10-1-2-results-distribution.pdf>
Overfull \hbox (7.48402pt too wide) in paragraph at lines 79--80
 [][] 
 []

[33 <./jmdns30packet-distribution.pdf>]
<jmdns10-1-2-results-distribution.pdf, id=385, 397.485pt x 252.945pt>
File: jmdns10-1-2-results-distribution.pdf Graphic file (type pdf)

<use jmdns10-1-2-results-distribution.pdf>
Overfull \hbox (7.48402pt too wide) in paragraph at lines 102--103
 [][] 
 []

[34 <./indi10-1-2-results-distribution.pdf>] [35 <./jmdns10-1-2-results-distrib
ution.pdf>]
<indi10-10-20-results-distribution.pdf, id=401, 397.485pt x 252.945pt>
File: indi10-10-20-results-distribution.pdf Graphic file (type pdf)

<use indi10-10-20-results-distribution.pdf>
Overfull \hbox (7.48402pt too wide) in paragraph at lines 115--116
 [][] 
 []

[36 <./indi10-10-20-results-distribution.pdf>]
<jmdns10-10-20-results-distribution.pdf, id=409, 397.485pt x 252.945pt>
File: jmdns10-10-20-results-distribution.pdf Graphic file (type pdf)

<use jmdns10-10-20-results-distribution.pdf>
Overfull \hbox (7.48402pt too wide) in paragraph at lines 127--128
 [][] 
 []

[37 <./jmdns10-10-20-results-distribution.pdf>]) (./conclusion.tex [38])
(./acknowledgements.tex
Missing character: There is no Ò in font cmr12!
Missing character: There is no Ó in font cmr12!
) (./indi-journal.bbl [39]
Underfull \hbox (badness 1052) in paragraph at lines 63--69
\OT1/cmr/m/n/12 A per-for-mance com-par-i-son of multi-hop wire-less ad hoc net
-work
 []


Underfull \hbox (badness 2503) in paragraph at lines 63--69
\OT1/cmr/m/n/12 rout-ing pro-to-cols, in: Mo-bi-Com '98: Pro-ceed-ings of the 4
th
 []


Underfull \hbox (badness 1072) in paragraph at lines 63--69
\OT1/cmr/m/n/12 an-nual ACM/IEEE in-ter-na-tional con-fer-ence on Mo-bile com-p
ut-ing
 []


Underfull \hbox (badness 1460) in paragraph at lines 63--69
\OT1/cmr/m/n/12 and net-work-ing, ACM, New York, NY, USA, 1998, pp. 85--97.
 []

[40]
Overfull \hbox (93.80951pt too wide) in paragraph at lines 113--117
\OT1/cmr/m/n/12 URL \OT1/cmtt/m/n/12 http://www.ietf.org/internet-drafts/draft-
lynn-dnsext-site-mdns-01.txt 
 []

[41]
Underfull \hbox (badness 10000) in paragraph at lines 158--160
[]\OT1/cmr/m/n/12 K. Fall, K. Varad-han, The net-work sim-u-la-tor -- NS-2,
 []

[42]) [43] (./indi-journal.aux) ) 
Here is how much of TeX's memory you used:
 2718 strings out of 493747
 37586 string characters out of 3143546
 96965 words of memory out of 3000000
 5917 multiletter control sequences out of 15000+200000
 12491 words of font info for 48 fonts, out of 3000000 for 9000
 714 hyphenation exceptions out of 8191
 38i,10n,30p,1911b,341s stack positions out of 5000i,500n,10000p,200000b,50000s
</usr/local/texlive/2010/texmf-dist/fonts/type
1/public/amsfonts/cm/cmbx12.pfb></usr/local/texlive/2010/texmf-dist/fonts/type1
/public/amsfonts/cm/cmmi12.pfb></usr/local/texlive/2010/texmf-dist/fonts/type1/
public/amsfonts/cm/cmmi8.pfb></usr/local/texlive/2010/texmf-dist/fonts/type1/pu
blic/amsfonts/cm/cmr10.pfb></usr/local/texlive/2010/texmf-dist/fonts/type1/publ
ic/amsfonts/cm/cmr12.pfb></usr/local/texlive/2010/texmf-dist/fonts/type1/public
/amsfonts/cm/cmr17.pfb></usr/local/texlive/2010/texmf-dist/fonts/type1/public/a
msfonts/cm/cmr7.pfb></usr/local/texlive/2010/texmf-dist/fonts/type1/public/amsf
onts/cm/cmr8.pfb></usr/local/texlive/2010/texmf-dist/fonts/type1/public/amsfont
s/cm/cmsy10.pfb></usr/local/texlive/2010/texmf-dist/fonts/type1/public/amsfonts
/cm/cmti10.pfb></usr/local/texlive/2010/texmf-dist/fonts/type1/public/amsfonts/
cm/cmti12.pfb></usr/local/texlive/2010/texmf-dist/fonts/type1/public/amsfonts/c
m/cmti7.pfb></usr/local/texlive/2010/texmf-dist/fonts/type1/public/amsfonts/cm/
cmtt12.pfb>
Output written on indi-journal.pdf (43 pages, 2308121 bytes).
PDF statistics:
 482 PDF objects out of 1000 (max. 8388607)
 320 compressed objects within 4 object streams
 0 named destinations out of 1000 (max. 500000)
 86 words of extra memory for PDF output out of 10000 (max. 10000000)

